<?xml version="1.0" encoding="utf-8"?><testsuites name="pytest tests"><testsuite name="pytest" errors="0" failures="0" skipped="0" tests="26" time="2.969" timestamp="2026-01-27T22:37:12.025176+00:00" hostname="agent-env-8c24900f-124a-43c1-b878-bcd86325700a"><testcase classname="backend.tests.test_seknuto_api.TestHealthCheck" name="test_api_root_returns_running" time="0.073" /><testcase classname="backend.tests.test_seknuto_api.TestPricingCalculation" name="test_basic_lawn_mowing_price" time="0.039" /><testcase classname="backend.tests.test_seknuto_api.TestPricingCalculation" name="test_lawn_with_fertilizer_price" time="0.035" /><testcase classname="backend.tests.test_seknuto_api.TestPricingCalculation" name="test_overgrown_condition_multiplier" time="0.040" /><testcase classname="backend.tests.test_seknuto_api.TestPricingCalculation" name="test_spring_package_tiered_pricing_small" time="0.038" /><testcase classname="backend.tests.test_seknuto_api.TestPricingCalculation" name="test_spring_package_tiered_pricing_medium" time="0.032" /><testcase classname="backend.tests.test_seknuto_api.TestPricingCalculation" name="test_spring_package_tiered_pricing_large" time="0.034" /><testcase classname="backend.tests.test_seknuto_api.TestPricingCalculation" name="test_additional_services_mulching" time="0.034" /><testcase classname="backend.tests.test_seknuto_api.TestPricingCalculation" name="test_additional_services_debris_removal" time="0.037" /><testcase classname="backend.tests.test_seknuto_api.TestAvailability" name="test_get_available_dates" time="0.039" /><testcase classname="backend.tests.test_seknuto_api.TestAvailability" name="test_available_dates_are_future" time="0.037" /><testcase classname="backend.tests.test_seknuto_api.TestEmailSubscription" name="test_subscribe_new_email" time="0.340" /><testcase classname="backend.tests.test_seknuto_api.TestEmailSubscription" name="test_subscribe_duplicate_email" time="0.273" /><testcase classname="backend.tests.test_seknuto_api.TestEmailSubscription" name="test_subscribe_invalid_email" time="0.037" /><testcase classname="backend.tests.test_seknuto_api.TestCouponValidation" name="test_validate_valid_coupon" time="0.282" /><testcase classname="backend.tests.test_seknuto_api.TestCouponValidation" name="test_validate_invalid_coupon" time="0.033" /><testcase classname="backend.tests.test_seknuto_api.TestCouponValidation" name="test_validate_coupon_case_insensitive" time="0.250" /><testcase classname="backend.tests.test_seknuto_api.TestBookingCreation" name="test_create_booking_success" time="0.277" /><testcase classname="backend.tests.test_seknuto_api.TestBookingCreation" name="test_get_booking_by_id" time="0.276" /><testcase classname="backend.tests.test_seknuto_api.TestBookingCreation" name="test_get_nonexistent_booking" time="0.041" /><testcase classname="backend.tests.test_seknuto_api.TestBookingCreation" name="test_create_booking_with_coupon" time="0.439" /><testcase classname="backend.tests.test_seknuto_api.TestBookingCreation" name="test_create_booking_invalid_email" time="0.038" /><testcase classname="backend.tests.test_seknuto_api.TestContactForm" name="test_submit_contact_form" time="0.042" /><testcase classname="backend.tests.test_seknuto_api.TestContactForm" name="test_submit_contact_form_without_phone" time="0.043" /><testcase classname="backend.tests.test_seknuto_api.TestContactForm" name="test_submit_contact_form_invalid_email" time="0.040" /><testcase classname="backend.tests.test_seknuto_api.TestGetAllBookings" name="test_get_all_bookings" time="0.037" /></testsuite></testsuites>